d:\users\carlo\documents\visual studio 2015\projects\matrix\arm\debug\libmatrix_android.so.recipe
d:\users\carlo\documents\visual studio 2015\projects\matrix\matrix.android\matrix.android.nativeactivity\arm\debug\pch.h.gch
d:\users\carlo\documents\visual studio 2015\projects\matrix\matrix.android\matrix.android.nativeactivity\arm\debug\camera.o
d:\users\carlo\documents\visual studio 2015\projects\matrix\matrix.android\matrix.android.nativeactivity\arm\debug\device.o
d:\users\carlo\documents\visual studio 2015\projects\matrix\matrix.android\matrix.android.nativeactivity\arm\debug\framebuffer.o
d:\users\carlo\documents\visual studio 2015\projects\matrix\matrix.android\matrix.android.nativeactivity\arm\debug\keyboardeventlistener.o
d:\users\carlo\documents\visual studio 2015\projects\matrix\matrix.android\matrix.android.nativeactivity\arm\debug\matrix_engine_internal.o
d:\users\carlo\documents\visual studio 2015\projects\matrix\matrix.android\matrix.android.nativeactivity\arm\debug\mouseeventlistener.o
d:\users\carlo\documents\visual studio 2015\projects\matrix\matrix.android\matrix.android.nativeactivity\arm\debug\renderpipeline.o
d:\users\carlo\documents\visual studio 2015\projects\matrix\matrix.android\matrix.android.nativeactivity\arm\debug\shader.o
d:\users\carlo\documents\visual studio 2015\projects\matrix\matrix.android\matrix.android.nativeactivity\arm\debug\texture.o
d:\users\carlo\documents\visual studio 2015\projects\matrix\matrix.android\matrix.android.nativeactivity\arm\debug\texturecube.o
d:\users\carlo\documents\visual studio 2015\projects\matrix\matrix.android\matrix.android.nativeactivity\arm\debug\vao.o
d:\users\carlo\documents\visual studio 2015\projects\matrix\matrix.android\matrix.android.nativeactivity\arm\debug\mouselistener.o
d:\users\carlo\documents\visual studio 2015\projects\matrix\matrix.android\matrix.android.nativeactivity\arm\debug\primitives.o
d:\users\carlo\documents\visual studio 2015\projects\matrix\matrix.android\matrix.android.nativeactivity\arm\debug\main.o
d:\users\carlo\documents\visual studio 2015\projects\matrix\matrix.android\matrix.android.nativeactivity\arm\debug\libmatrix_android.so
d:\users\carlo\documents\visual studio 2015\projects\matrix\matrix.android\matrix.android.nativeactivity\arm\debug\matrix.a.f866e062.tlog\clang.command.1.tlog
d:\users\carlo\documents\visual studio 2015\projects\matrix\matrix.android\matrix.android.nativeactivity\arm\debug\matrix.a.f866e062.tlog\matrix.android.nativeactivity.write.1u.tlog
d:\users\carlo\documents\visual studio 2015\projects\matrix\matrix.android\matrix.android.nativeactivity\arm\debug\matrix.a.f866e062.tlog\microsoft.build.cpptasks.clangcompile.read.1.tlog
d:\users\carlo\documents\visual studio 2015\projects\matrix\matrix.android\matrix.android.nativeactivity\arm\debug\matrix.a.f866e062.tlog\microsoft.build.cpptasks.clangcompile.write.1.tlog
d:\users\carlo\documents\visual studio 2015\projects\matrix\matrix.android\matrix.android.nativeactivity\arm\debug\matrix.a.f866e062.tlog\microsoft.build.cpptasks.clanglink.read.1.tlog
d:\users\carlo\documents\visual studio 2015\projects\matrix\matrix.android\matrix.android.nativeactivity\arm\debug\matrix.a.f866e062.tlog\microsoft.build.cpptasks.clanglink.write.1.tlog
